#
# There is insufficient memory for the Java Runtime Environment to continue.
# Native memory allocation (malloc) failed to allocate 32744 bytes for ChunkPool::allocate
# Possible reasons:
#   The system is out of physical RAM or swap space
#   The process is running with CompressedOops enabled, and the Java Heap may be blocking the growth of the native heap
# Possible solutions:
#   Reduce memory load on the system
#   Increase physical memory or swap space
#   Check if swap backing store is full
#   Decrease Java heap size (-Xmx/-Xms)
#   Decrease number of Java threads
#   Decrease Java thread stack sizes (-Xss)
#   Set larger code cache with -XX:ReservedCodeCacheSize=
#   JVM is running with Unscaled Compressed Oops mode in which the Java heap is
#     placed in the first 4GB address space. The Java Heap base address is the
#     maximum limit for the native heap growth. Please use -XX:HeapBaseMinAddress
#     to set the Java Heap base and to place the Java Heap above 4GB virtual address.
# This output file may be truncated or incomplete.
#
#  Out of Memory Error (allocation.cpp:272), pid=39128, tid=0x0000000000001f7c
#
# JRE version: OpenJDK Runtime Environment (Zulu 8.52.0.23-CA-win64) (8.0_282-b08) (build 1.8.0_282-b08)
# Java VM: OpenJDK 64-Bit Server VM (25.282-b08 mixed mode windows-amd64 compressed oops)
# Failed to write core dump. Minidumps are not enabled by default on client versions of Windows
#

---------------  T H R E A D  ---------------

Current thread (0x0000000018f73000):  JavaThread "C2 CompilerThread1" daemon [_thread_in_native, id=8060, stack(0x0000000019b20000,0x0000000019c20000)]

Stack: [0x0000000019b20000,0x0000000019c20000]
[error occurred during error reporting (printing stack bounds), id 0xc0000005]

Native frames: (J=compiled Java code, j=interpreted, Vv=VM code, C=native code)


Current CompileTask:
C2: 228752 6762       4       sun.nio.fs.WindowsPathParser::normalize (233 bytes)


---------------  P R O C E S S  ---------------

Java Threads: ( => current thread )
  0x000000001aa50800 JavaThread "Keep-Alive-Timer" daemon [_thread_blocked, id=22544, stack(0x00000000200b0000,0x00000000201b0000)]
  0x000000001aa51800 JavaThread "Exec Stream Pumper" daemon [_thread_in_native, id=12756, stack(0x000000001ffb0000,0x00000000200b0000)]
  0x000000001d6db000 JavaThread "Exec Stream Pumper" daemon [_thread_in_native, id=22964, stack(0x000000001feb0000,0x000000001ffb0000)]
  0x000000001d6e0800 JavaThread "Exec Default Executor" daemon [_thread_in_native, id=27496, stack(0x000000001ec70000,0x000000001ed70000)]
  0x000000001d6dd000 JavaThread "Exec Stream Pumper" daemon [_thread_in_native, id=11412, stack(0x000000001e970000,0x000000001ea70000)]
  0x000000001d6dc800 JavaThread "Exec Stream Pumper" daemon [_thread_in_native, id=43940, stack(0x000000001e770000,0x000000001e870000)]
  0x000000001d6df800 JavaThread "Exec Default Executor" daemon [_thread_in_native, id=41592, stack(0x00000000026b0000,0x00000000027b0000)]
  0x000000001d6db800 JavaThread "Exec Stream Pumper" daemon [_thread_in_native, id=20348, stack(0x000000001e670000,0x000000001e770000)]
  0x000000001d6da000 JavaThread "Exec Stream Pumper" daemon [_thread_in_native, id=41636, stack(0x000000001e470000,0x000000001e570000)]
  0x000000001d6de000 JavaThread "Exec Default Executor" daemon [_thread_in_native, id=44004, stack(0x000000001d000000,0x000000001d100000)]
  0x000000001d6d9000 JavaThread "UrlChecker-3" daemon [_thread_blocked, id=26744, stack(0x0000000000d50000,0x0000000000e50000)]
  0x000000001aa52000 JavaThread "Java2D Disposer" daemon [_thread_blocked, id=32972, stack(0x000000001fbb0000,0x000000001fcb0000)]
  0x000000001c963000 JavaThread "Okio Watchdog" daemon [_thread_blocked, id=42880, stack(0x000000001eeb0000,0x000000001efb0000)]
  0x000000001c9fe000 JavaThread "OkHttp ConnectionPool" daemon [_thread_blocked, id=39608, stack(0x000000001edb0000,0x000000001eeb0000)]
  0x0000000018f83800 JavaThread "Service Thread" daemon [_thread_blocked, id=23384, stack(0x0000000019d20000,0x0000000019e20000)]
  0x0000000018f76000 JavaThread "C1 CompilerThread2" daemon [_thread_blocked, id=38068, stack(0x0000000019c20000,0x0000000019d20000)]
=>0x0000000018f73000 JavaThread "C2 CompilerThread1" daemon [_thread_in_native, id=8060, stack(0x0000000019b20000,0x0000000019c20000)]
  0x0000000018f70800 JavaThread "C2 CompilerThread0" daemon [_thread_blocked, id=21064, stack(0x0000000019a20000,0x0000000019b20000)]
  0x0000000018f69800 JavaThread "Attach Listener" daemon [_thread_blocked, id=11708, stack(0x0000000019920000,0x0000000019a20000)]
  0x0000000018ebe800 JavaThread "Signal Dispatcher" daemon [_thread_blocked, id=1172, stack(0x0000000019820000,0x0000000019920000)]
  0x00000000177bc800 JavaThread "Finalizer" daemon [_thread_blocked, id=42060, stack(0x0000000018a20000,0x0000000018b20000)]
  0x00000000177b4000 JavaThread "Reference Handler" daemon [_thread_blocked, id=40392, stack(0x0000000018920000,0x0000000018a20000)]
  0x0000000002ab7800 JavaThread "Forwarding isElementDisplayed on session 692862604ba6708623e34ca538fbdcd8 to remote" [_thread_in_native, id=8788, stack(0x00000000029a0000,0x0000000002aa0000)]

Other Threads:
  0x000000001778a000 VMThread [stack: 0x0000000018820000,0x0000000018920000] [id=20472]
  0x0000000018f85800 WatcherThread [stack: 0x0000000019e20000,0x0000000019f20000] [id=36092]

VM state:not at safepoint (normal execution)

VM Mutex/Monitor currently owned by a thread: None

heap address: 0x0000000080000000, size: 2048 MB, Compressed Oops mode: 32-bit
Narrow klass base: 0x0000000000000000, Narrow klass shift: 3
Compressed class space size: 1073741824 Address: 0x0000000100000000

Heap:
 PSYoungGen      total 686592K, used 425599K [0x00000000d5580000, 0x00000000fff00000, 0x0000000100000000)
  eden space 676352K, 62% used [0x00000000d5580000,0x00000000ef46fbe8,0x00000000fea00000)
  from space 10240K, 6% used [0x00000000ff500000,0x00000000ff5b0020,0x00000000fff00000)
  to   space 10752K, 0% used [0x00000000fea00000,0x00000000fea00000,0x00000000ff480000)
 ParOldGen       total 172544K, used 29650K [0x0000000080000000, 0x000000008a880000, 0x00000000d5580000)
  object space 172544K, 17% used [0x0000000080000000,0x0000000081cf4ab8,0x000000008a880000)
 Metaspace       used 43425K, capacity 45492K, committed 45608K, reserved 1089536K
  class space    used 5173K, capacity 5814K, committed 5928K, reserved 1048576K

Card table byte_map: [0x0000000011f60000,0x0000000012370000] byte_map_base: 0x0000000011b60000

Marking Bits: (ParMarkBitMap*) 0x0000000054cf1f00
 Begin Bits: [0x0000000012a20000, 0x0000000014a20000)
 End Bits:   [0x0000000014a20000, 0x0000000016a20000)

Polling page: 0x00000000028b0000

CodeCache: size=245760Kb used=22319Kb max_used=22330Kb free=223440Kb
 bounds [0x0000000002ba0000, 0x0000000004190000, 0x0000000011ba0000]
 total_blobs=6595 nmethods=5771 adapters=734
 compilation: enabled

Compilation events (10 events):
Event: 227.131 Thread 0x0000000018f76000 6758       3       org.openqa.selenium.By$ByXPath::toString (23 bytes)
Event: 227.131 Thread 0x0000000018f76000 nmethod 6758 0x000000000417e590 code [0x000000000417e740, 0x000000000417ee68]
Event: 227.153 Thread 0x0000000018f73000 nmethod 6757 0x0000000004182b50 code [0x0000000004182d20, 0x0000000004183b48]
Event: 227.534 Thread 0x0000000018f70800 6760       4       java.lang.reflect.Method::invoke (62 bytes)
Event: 227.535 Thread 0x0000000018f70800 nmethod 6760 0x000000000417f5d0 code [0x000000000417f720, 0x000000000417f888]
Event: 227.706 Thread 0x0000000018f76000 6761   !   3       sun.misc.URLClassPath::checkURL (12 bytes)
Event: 227.706 Thread 0x0000000018f76000 nmethod 6761 0x000000000417f110 code [0x000000000417f280, 0x000000000417f468]
Event: 228.737 Thread 0x0000000018f73000 6762       4       sun.nio.fs.WindowsPathParser::normalize (233 bytes)
Event: 228.737 Thread 0x0000000018f70800 6763       4       sun.nio.fs.WindowsPathParser::isSlash (18 bytes)
Event: 228.737 Thread 0x0000000018f70800 nmethod 6763 0x00000000030f8d50 code [0x00000000030f8e80, 0x00000000030f8ed8]

GC Heap History (10 events):
Event: 199.804 GC heap before
{Heap before GC invocations=38 (full 2):
 PSYoungGen      total 688128K, used 678368K [0x00000000d5580000, 0x0000000100000000, 0x0000000100000000)
  eden space 677376K, 100% used [0x00000000d5580000,0x00000000feb00000,0x00000000feb00000)
  from space 10752K, 9% used [0x00000000feb00000,0x00000000febf8010,0x00000000ff580000)
  to   space 10752K, 0% used [0x00000000ff580000,0x00000000ff580000,0x0000000100000000)
 ParOldGen       total 172544K, used 28986K [0x0000000080000000, 0x000000008a880000, 0x00000000d5580000)
  object space 172544K, 16% used [0x0000000080000000,0x0000000081c4ea88,0x000000008a880000)
 Metaspace       used 43270K, capacity 45304K, committed 45480K, reserved 1089536K
  class space    used 5162K, capacity 5799K, committed 5800K, reserved 1048576K
Event: 199.808 GC heap after
Heap after GC invocations=38 (full 2):
 PSYoungGen      total 687104K, used 1368K [0x00000000d5580000, 0x0000000100000000, 0x0000000100000000)
  eden space 676352K, 0% used [0x00000000d5580000,0x00000000d5580000,0x00000000fea00000)
  from space 10752K, 12% used [0x00000000ff580000,0x00000000ff6d6380,0x0000000100000000)
  to   space 11264K, 0% used [0x00000000fea00000,0x00000000fea00000,0x00000000ff500000)
 ParOldGen       total 172544K, used 29378K [0x0000000080000000, 0x000000008a880000, 0x00000000d5580000)
  object space 172544K, 17% used [0x0000000080000000,0x0000000081cb0a88,0x000000008a880000)
 Metaspace       used 43270K, capacity 45304K, committed 45480K, reserved 1089536K
  class space    used 5162K, capacity 5799K, committed 5800K, reserved 1048576K
}
Event: 200.650 GC heap before
{Heap before GC invocations=39 (full 2):
 PSYoungGen      total 687104K, used 677720K [0x00000000d5580000, 0x0000000100000000, 0x0000000100000000)
  eden space 676352K, 100% used [0x00000000d5580000,0x00000000fea00000,0x00000000fea00000)
  from space 10752K, 12% used [0x00000000ff580000,0x00000000ff6d6380,0x0000000100000000)
  to   space 11264K, 0% used [0x00000000fea00000,0x00000000fea00000,0x00000000ff500000)
 ParOldGen       total 172544K, used 29378K [0x0000000080000000, 0x000000008a880000, 0x00000000d5580000)
  object space 172544K, 17% used [0x0000000080000000,0x0000000081cb0a88,0x000000008a880000)
 Metaspace       used 43270K, capacity 45304K, committed 45480K, reserved 1089536K
  class space    used 5162K, capacity 5799K, committed 5800K, reserved 1048576K
Event: 200.653 GC heap after
Heap after GC invocations=39 (full 2):
 PSYoungGen      total 687616K, used 640K [0x00000000d5580000, 0x0000000100000000, 0x0000000100000000)
  eden space 676352K, 0% used [0x00000000d5580000,0x00000000d5580000,0x00000000fea00000)
  from space 11264K, 5% used [0x00000000fea00000,0x00000000feaa0020,0x00000000ff500000)
  to   space 11264K, 0% used [0x00000000ff500000,0x00000000ff500000,0x0000000100000000)
 ParOldGen       total 172544K, used 29626K [0x0000000080000000, 0x000000008a880000, 0x00000000d5580000)
  object space 172544K, 17% used [0x0000000080000000,0x0000000081ceeab8,0x000000008a880000)
 Metaspace       used 43270K, capacity 45304K, committed 45480K, reserved 1089536K
  class space    used 5162K, capacity 5799K, committed 5800K, reserved 1048576K
}
Event: 221.601 GC heap before
{Heap before GC invocations=40 (full 2):
 PSYoungGen      total 687616K, used 676992K [0x00000000d5580000, 0x0000000100000000, 0x0000000100000000)
  eden space 676352K, 100% used [0x00000000d5580000,0x00000000fea00000,0x00000000fea00000)
  from space 11264K, 5% used [0x00000000fea00000,0x00000000feaa0020,0x00000000ff500000)
  to   space 11264K, 0% used [0x00000000ff500000,0x00000000ff500000,0x0000000100000000)
 ParOldGen       total 172544K, used 29626K [0x0000000080000000, 0x000000008a880000, 0x00000000d5580000)
  object space 172544K, 17% used [0x0000000080000000,0x0000000081ceeab8,0x000000008a880000)
 Metaspace       used 43306K, capacity 45334K, committed 45608K, reserved 1089536K
  class space    used 5170K, capacity 5808K, committed 5928K, reserved 1048576K
Event: 221.607 GC heap after
Heap after GC invocations=40 (full 2):
 PSYoungGen      total 687616K, used 1380K [0x00000000d5580000, 0x0000000100000000, 0x0000000100000000)
  eden space 676352K, 0% used [0x00000000d5580000,0x00000000d5580000,0x00000000fea00000)
  from space 11264K, 12% used [0x00000000ff500000,0x00000000ff659330,0x0000000100000000)
  to   space 11264K, 0% used [0x00000000fea00000,0x00000000fea00000,0x00000000ff500000)
 ParOldGen       total 172544K, used 29634K [0x0000000080000000, 0x000000008a880000, 0x00000000d5580000)
  object space 172544K, 17% used [0x0000000080000000,0x0000000081cf0ab8,0x000000008a880000)
 Metaspace       used 43306K, capacity 45334K, committed 45608K, reserved 1089536K
  class space    used 5170K, capacity 5808K, committed 5928K, reserved 1048576K
}
Event: 223.062 GC heap before
{Heap before GC invocations=41 (full 2):
 PSYoungGen      total 687616K, used 677732K [0x00000000d5580000, 0x0000000100000000, 0x0000000100000000)
  eden space 676352K, 100% used [0x00000000d5580000,0x00000000fea00000,0x00000000fea00000)
  from space 11264K, 12% used [0x00000000ff500000,0x00000000ff659330,0x0000000100000000)
  to   space 11264K, 0% used [0x00000000fea00000,0x00000000fea00000,0x00000000ff500000)
 ParOldGen       total 172544K, used 29634K [0x0000000080000000, 0x000000008a880000, 0x00000000d5580000)
  object space 172544K, 17% used [0x0000000080000000,0x0000000081cf0ab8,0x000000008a880000)
 Metaspace       used 43306K, capacity 45334K, committed 45608K, reserved 1089536K
  class space    used 5170K, capacity 5808K, committed 5928K, reserved 1048576K
Event: 223.064 GC heap after
Heap after GC invocations=41 (full 2):
 PSYoungGen      total 687616K, used 640K [0x00000000d5580000, 0x0000000100000000, 0x0000000100000000)
  eden space 676352K, 0% used [0x00000000d5580000,0x00000000d5580000,0x00000000fea00000)
  from space 11264K, 5% used [0x00000000fea00000,0x00000000feaa0020,0x00000000ff500000)
  to   space 11264K, 0% used [0x00000000ff500000,0x00000000ff500000,0x0000000100000000)
 ParOldGen       total 172544K, used 29642K [0x0000000080000000, 0x000000008a880000, 0x00000000d5580000)
  object space 172544K, 17% used [0x0000000080000000,0x0000000081cf2ab8,0x000000008a880000)
 Metaspace       used 43306K, capacity 45334K, committed 45608K, reserved 1089536K
  class space    used 5170K, capacity 5808K, committed 5928K, reserved 1048576K
}
Event: 223.918 GC heap before
{Heap before GC invocations=42 (full 2):
 PSYoungGen      total 687616K, used 676992K [0x00000000d5580000, 0x0000000100000000, 0x0000000100000000)
  eden space 676352K, 100% used [0x00000000d5580000,0x00000000fea00000,0x00000000fea00000)
  from space 11264K, 5% used [0x00000000fea00000,0x00000000feaa0020,0x00000000ff500000)
  to   space 11264K, 0% used [0x00000000ff500000,0x00000000ff500000,0x0000000100000000)
 ParOldGen       total 172544K, used 29642K [0x0000000080000000, 0x000000008a880000, 0x00000000d5580000)
  object space 172544K, 17% used [0x0000000080000000,0x0000000081cf2ab8,0x000000008a880000)
 Metaspace       used 43306K, capacity 45334K, committed 45608K, reserved 1089536K
  class space    used 5170K, capacity 5808K, committed 5928K, reserved 1048576K
Event: 223.920 GC heap after
Heap after GC invocations=42 (full 2):
 PSYoungGen      total 686592K, used 704K [0x00000000d5580000, 0x00000000fff00000, 0x0000000100000000)
  eden space 676352K, 0% used [0x00000000d5580000,0x00000000d5580000,0x00000000fea00000)
  from space 10240K, 6% used [0x00000000ff500000,0x00000000ff5b0020,0x00000000fff00000)
  to   space 10752K, 0% used [0x00000000fea00000,0x00000000fea00000,0x00000000ff480000)
 ParOldGen       total 172544K, used 29650K [0x0000000080000000, 0x000000008a880000, 0x00000000d5580000)
  object space 172544K, 17% used [0x0000000080000000,0x0000000081cf4ab8,0x000000008a880000)
 Metaspace       used 43306K, capacity 45334K, committed 45608K, reserved 1089536K
  class space    used 5170K, capacity 5808K, committed 5928K, reserved 1048576K
}

Deoptimization events (10 events):
Event: 180.093 Thread 0x0000000002ab7800 Uncommon trap: reason=class_check action=maybe_recompile pc=0x0000000002f4fa44 method=utils.Utilities.waitForAWhile(IZ)V @ 156
Event: 183.395 Thread 0x0000000002ab7800 Uncommon trap: reason=unstable_if action=reinterpret pc=0x0000000003fe5310 method=java.lang.Integer.compare(II)I @ 2
Event: 183.665 Thread 0x0000000002ab7800 Uncommon trap: reason=unstable_if action=reinterpret pc=0x0000000002cb36a0 method=groovyjarjarasm.asm.ByteVector.putInt(I)Lgroovyjarjarasm/asm/ByteVector; @ 13
Event: 183.666 Thread 0x0000000002ab7800 Uncommon trap: reason=unstable_if action=reinterpret pc=0x00000000035f0d90 method=groovyjarjarasm.asm.SymbolTable.put(Lgroovyjarjarasm/asm/SymbolTable$Entry;)Lgroovyjarjarasm/asm/SymbolTable$Entry; @ 13
Event: 185.117 Thread 0x0000000002ab7800 Uncommon trap: reason=unstable_if action=reinterpret pc=0x0000000004000420 method=java.lang.ThreadLocal$ThreadLocalMap.set(Ljava/lang/ThreadLocal;Ljava/lang/Object;)V @ 119
Event: 188.141 Thread 0x0000000002ab7800 Uncommon trap: reason=predicate action=maybe_recompile pc=0x00000000040c6aa0 method=com.google.common.collect.RegularImmutableMap.fromEntryArray(I[Ljava/util/Map$Entry;)Lcom/google/common/collect/ImmutableMap; @ 62
Event: 190.723 Thread 0x0000000002ab7800 Uncommon trap: reason=array_check action=maybe_recompile pc=0x00000000040c8080 method=com.google.common.collect.RegularImmutableMap.fromEntryArray(I[Ljava/util/Map$Entry;)Lcom/google/common/collect/ImmutableMap; @ 157
Event: 190.755 Thread 0x0000000002ab7800 Uncommon trap: reason=array_check action=maybe_recompile pc=0x00000000040c8080 method=com.google.common.collect.RegularImmutableMap.fromEntryArray(I[Ljava/util/Map$Entry;)Lcom/google/common/collect/ImmutableMap; @ 157
Event: 190.755 Thread 0x0000000002ab7800 Uncommon trap: reason=array_check action=maybe_recompile pc=0x00000000040c8080 method=com.google.common.collect.RegularImmutableMap.fromEntryArray(I[Ljava/util/Map$Entry;)Lcom/google/common/collect/ImmutableMap; @ 157
Event: 190.789 Thread 0x0000000002ab7800 Uncommon trap: reason=array_check action=maybe_recompile pc=0x00000000040c8080 method=com.google.common.collect.RegularImmutableMap.fromEntryArray(I[Ljava/util/Map$Entry;)Lcom/google/common/collect/ImmutableMap; @ 157

Classes redefined (0 events):
No events

Internal exceptions (10 events):
Event: 228.148 Thread 0x0000000002ab7800 Exception <a 'java/net/SocketTimeoutException': Read timed out> (0x00000000ee432858) thrown at [C:\jenkins\workspace\zulu8-silver-build-win64\zulu-src\hotspot\src\share\vm\prims\jni.cpp, line 738]
Event: 228.324 Thread 0x0000000002ab7800 Exception <a 'java/net/SocketTimeoutException': Read timed out> (0x00000000ee445270) thrown at [C:\jenkins\workspace\zulu8-silver-build-win64\zulu-src\hotspot\src\share\vm\prims\jni.cpp, line 738]
Event: 228.340 Thread 0x0000000002ab7800 Exception <a 'java/net/SocketTimeoutException': Read timed out> (0x00000000ee465318) thrown at [C:\jenkins\workspace\zulu8-silver-build-win64\zulu-src\hotspot\src\share\vm\prims\jni.cpp, line 738]
Event: 228.356 Thread 0x0000000002ab7800 Exception <a 'java/net/SocketTimeoutException': Read timed out> (0x00000000ee4825e0) thrown at [C:\jenkins\workspace\zulu8-silver-build-win64\zulu-src\hotspot\src\share\vm\prims\jni.cpp, line 738]
Event: 228.372 Thread 0x0000000002ab7800 Exception <a 'java/net/SocketTimeoutException': Read timed out> (0x00000000ee49aa98) thrown at [C:\jenkins\workspace\zulu8-silver-build-win64\zulu-src\hotspot\src\share\vm\prims\jni.cpp, line 738]
Event: 228.436 Thread 0x0000000002ab7800 Exception <a 'java/net/SocketTimeoutException': Read timed out> (0x00000000ee4b3818) thrown at [C:\jenkins\workspace\zulu8-silver-build-win64\zulu-src\hotspot\src\share\vm\prims\jni.cpp, line 738]
Event: 228.481 Thread 0x0000000002ab7800 Exception <a 'java/net/SocketTimeoutException': Read timed out> (0x00000000ee4cbe60) thrown at [C:\jenkins\workspace\zulu8-silver-build-win64\zulu-src\hotspot\src\share\vm\prims\jni.cpp, line 738]
Event: 228.512 Thread 0x0000000002ab7800 Exception <a 'java/net/SocketTimeoutException': Read timed out> (0x00000000ee4e1d40) thrown at [C:\jenkins\workspace\zulu8-silver-build-win64\zulu-src\hotspot\src\share\vm\prims\jni.cpp, line 738]
Event: 228.696 Thread 0x0000000002ab7800 Exception <a 'java/net/SocketTimeoutException': Read timed out> (0x00000000ee4f4ad0) thrown at [C:\jenkins\workspace\zulu8-silver-build-win64\zulu-src\hotspot\src\share\vm\prims\jni.cpp, line 738]
Event: 228.742 Thread 0x0000000002ab7800 Exception <a 'java/net/SocketTimeoutException': Read timed out> (0x00000000ee92b430) thrown at [C:\jenkins\workspace\zulu8-silver-build-win64\zulu-src\hotspot\src\share\vm\prims\jni.cpp, line 738]

Events (10 events):
Event: 224.524 Thread 0x000000001d6e0800 Thread added: 0x000000001d6e0800
Event: 224.524 Executing VM operation: RevokeBias
Event: 224.524 Executing VM operation: RevokeBias done
Event: 224.535 Thread 0x000000001d6db000 Thread added: 0x000000001d6db000
Event: 224.535 Thread 0x000000001aa51800 Thread added: 0x000000001aa51800
Event: 225.055 Thread 0x000000001aa50800 Thread added: 0x000000001aa50800
Event: 225.062 Executing VM operation: RevokeBias
Event: 225.062 Executing VM operation: RevokeBias done
Event: 228.737 Thread 0x0000000002ab7800 DEOPT PACKING pc=0x000000000356b624 sp=0x0000000002a9bfc0
Event: 228.737 Thread 0x0000000002ab7800 DEOPT UNPACKING pc=0x0000000002be76d0 sp=0x0000000002a9be78 mode 0


Dynamic libraries:
0x00007ff7ede60000 - 0x00007ff7ede95000 	C:\Users\AzureAdmin\Downloads\Katalon_Studio_Windows_64-8.2.5\Katalon_Studio_Windows_64-8.2.5\jre\bin\javaw.exe
0x00007fffc97b0000 - 0x00007fffc99a5000 	C:\Windows\SYSTEM32\ntdll.dll
0x00007fffc94b0000 - 0x00007fffc956e000 	C:\Windows\System32\KERNEL32.DLL
0x00007fffc7370000 - 0x00007fffc7638000 	C:\Windows\System32\KERNELBASE.dll
0x00007fffc7be0000 - 0x00007fffc7c8e000 	C:\Windows\System32\ADVAPI32.dll
0x00007fffc7b30000 - 0x00007fffc7bce000 	C:\Windows\System32\msvcrt.dll
0x00007fffc7a90000 - 0x00007fffc7b2c000 	C:\Windows\System32\sechost.dll
0x00007fffc8a70000 - 0x00007fffc8b95000 	C:\Windows\System32\RPCRT4.dll
0x00007fffc8db0000 - 0x00007fffc8f50000 	C:\Windows\System32\USER32.dll
0x00007fffc70e0000 - 0x00007fffc7102000 	C:\Windows\System32\win32u.dll
0x00007fffc8000000 - 0x00007fffc802b000 	C:\Windows\System32\GDI32.dll
0x00007fffc6ed0000 - 0x00007fffc6fdb000 	C:\Windows\System32\gdi32full.dll
0x00007fffc7640000 - 0x00007fffc76dd000 	C:\Windows\System32\msvcp_win.dll
0x00007fffc6fe0000 - 0x00007fffc70e0000 	C:\Windows\System32\ucrtbase.dll
0x00007fffb68d0000 - 0x00007fffb6b6a000 	C:\Windows\WinSxS\amd64_microsoft.windows.common-controls_6595b64144ccf1df_6.0.19041.1110_none_60b5254171f9507e\COMCTL32.dll
0x00007fffc7810000 - 0x00007fffc7840000 	C:\Windows\System32\IMM32.DLL
0x00000000542f0000 - 0x00000000543c2000 	C:\Users\AzureAdmin\Downloads\Katalon_Studio_Windows_64-8.2.5\Katalon_Studio_Windows_64-8.2.5\jre\bin\msvcr100.dll
0x00000000544b0000 - 0x0000000054d75000 	C:\Users\AzureAdmin\Downloads\Katalon_Studio_Windows_64-8.2.5\Katalon_Studio_Windows_64-8.2.5\jre\bin\server\jvm.dll
0x00007fffc78a0000 - 0x00007fffc78a8000 	C:\Windows\System32\PSAPI.DLL
0x00007fffc1530000 - 0x00007fffc1539000 	C:\Windows\SYSTEM32\WSOCK32.dll
0x00007fffc8110000 - 0x00007fffc817b000 	C:\Windows\System32\WS2_32.dll
0x00007fff9eab0000 - 0x00007fff9ead7000 	C:\Windows\SYSTEM32\WINMM.dll
0x00007fffbf580000 - 0x00007fffbf58a000 	C:\Windows\SYSTEM32\VERSION.dll
0x00007fffc1520000 - 0x00007fffc152f000 	C:\Users\AzureAdmin\Downloads\Katalon_Studio_Windows_64-8.2.5\Katalon_Studio_Windows_64-8.2.5\jre\bin\verify.dll
0x00007fffb3f60000 - 0x00007fffb3f89000 	C:\Users\AzureAdmin\Downloads\Katalon_Studio_Windows_64-8.2.5\Katalon_Studio_Windows_64-8.2.5\jre\bin\java.dll
0x00007fffc0460000 - 0x00007fffc0476000 	C:\Users\AzureAdmin\Downloads\Katalon_Studio_Windows_64-8.2.5\Katalon_Studio_Windows_64-8.2.5\jre\bin\zip.dll
0x00007fffc82a0000 - 0x00007fffc89e4000 	C:\Windows\System32\SHELL32.dll
0x00007fffc4ef0000 - 0x00007fffc5684000 	C:\Windows\SYSTEM32\windows.storage.dll
0x00007fffc7c90000 - 0x00007fffc7fe4000 	C:\Windows\System32\combase.dll
0x00007fffc6860000 - 0x00007fffc688c000 	C:\Windows\SYSTEM32\Wldp.dll
0x00007fffc9570000 - 0x00007fffc961d000 	C:\Windows\System32\SHCORE.dll
0x00007fffc9450000 - 0x00007fffc94a5000 	C:\Windows\System32\shlwapi.dll
0x00007fffc6e10000 - 0x00007fffc6e2f000 	C:\Windows\SYSTEM32\profapi.dll
0x00007fffbd5c0000 - 0x00007fffbd5db000 	C:\Users\AzureAdmin\Downloads\Katalon_Studio_Windows_64-8.2.5\Katalon_Studio_Windows_64-8.2.5\jre\bin\net.dll
0x00007fffc65c0000 - 0x00007fffc662a000 	C:\Windows\system32\mswsock.dll
0x00007fffad8f0000 - 0x00007fffad901000 	C:\Users\AzureAdmin\Downloads\Katalon_Studio_Windows_64-8.2.5\Katalon_Studio_Windows_64-8.2.5\jre\bin\nio.dll
0x00007fffc62f0000 - 0x00007fffc63ba000 	C:\Windows\SYSTEM32\DNSAPI.dll
0x00007fffc62b0000 - 0x00007fffc62eb000 	C:\Windows\SYSTEM32\IPHLPAPI.DLL
0x00007fffc7bd0000 - 0x00007fffc7bd8000 	C:\Windows\System32\NSI.dll
0x00007fffbf180000 - 0x00007fffbf18a000 	C:\Windows\System32\rasadhlp.dll
0x00007fffbf730000 - 0x00007fffbf7af000 	C:\Windows\System32\fwpuclnt.dll
0x00007fffc77e0000 - 0x00007fffc7807000 	C:\Windows\System32\bcrypt.dll
0x00007fffac9c0000 - 0x00007fffac9e4000 	C:\Users\AzureAdmin\Downloads\Katalon_Studio_Windows_64-8.2.5\Katalon_Studio_Windows_64-8.2.5\jre\bin\sunec.dll
0x00007fffc11c0000 - 0x00007fffc11cc000 	C:\Users\AzureAdmin\Downloads\Katalon_Studio_Windows_64-8.2.5\Katalon_Studio_Windows_64-8.2.5\jre\bin\sunmscapi.dll
0x00007fffc7210000 - 0x00007fffc7366000 	C:\Windows\System32\CRYPT32.dll
0x00007fffc68d0000 - 0x00007fffc68f7000 	C:\Windows\SYSTEM32\ncrypt.dll
0x00007fffc6890000 - 0x00007fffc68cb000 	C:\Windows\SYSTEM32\NTASN1.dll
0x00007fffc67b0000 - 0x00007fffc67c8000 	C:\Windows\SYSTEM32\CRYPTSP.dll
0x00007fffc5e30000 - 0x00007fffc5e64000 	C:\Windows\system32\rsaenh.dll
0x00007fffc6dd0000 - 0x00007fffc6dfe000 	C:\Windows\SYSTEM32\USERENV.dll
0x00007fffc7180000 - 0x00007fffc7202000 	C:\Windows\System32\bcryptprimitives.dll
0x00007fffc67d0000 - 0x00007fffc67dc000 	C:\Windows\SYSTEM32\CRYPTBASE.dll
0x00007fffc0ce0000 - 0x00007fffc0cf7000 	C:\Windows\SYSTEM32\dhcpcsvc6.DLL
0x00007fffc0cc0000 - 0x00007fffc0cdd000 	C:\Windows\SYSTEM32\dhcpcsvc.DLL
0x00007fffae870000 - 0x00007fffae887000 	C:\Windows\system32\napinsp.dll
0x00007fffae850000 - 0x00007fffae86b000 	C:\Windows\system32\pnrpnsp.dll
0x00007fffae830000 - 0x00007fffae845000 	C:\Windows\system32\wshbth.dll
0x00007fffc1220000 - 0x00007fffc123d000 	C:\Windows\system32\NLAapi.dll
0x00007fffae810000 - 0x00007fffae822000 	C:\Windows\System32\winrnr.dll
0x00007fff8d8c0000 - 0x00007fff8da58000 	C:\Users\AzureAdmin\Downloads\Katalon_Studio_Windows_64-8.2.5\Katalon_Studio_Windows_64-8.2.5\jre\bin\awt.dll
0x00007fffc78b0000 - 0x00007fffc797d000 	C:\Windows\System32\OLEAUT32.dll
0x00007fffc4220000 - 0x00007fffc42b0000 	C:\Windows\SYSTEM32\apphelp.dll
0x00007fffc4b10000 - 0x00007fffc4b3f000 	C:\Windows\system32\DWMAPI.DLL
0x00007fffc4810000 - 0x00007fffc48ae000 	C:\Windows\system32\uxtheme.dll

VM Arguments:
jvm_args: -Dgroovy.home=C:\Users\AzureAdmin/.groovy -Djava.system.class.loader=groovy.lang.GroovyClassLoader -Xmx2048m -Dfile.encoding=UTF-8 
java_command: org.codehaus.groovy.tools.GroovyStarter --classpath D:\QAAutomation_CompletedTCs\bin\keyword;D:\QAAutomation_CompletedTCs\Keywords;D:\QAAutomation_CompletedTCs\bin\listener;D:\QAAutomation_CompletedTCs\Test Listeners;D:\QAAutomation_CompletedTCs\bin\lib;D:\QAAutomation_CompletedTCs\Libs;D:\QAAutomation_CompletedTCs\bin\groovy;D:\QAAutomation_CompletedTCs\Include\scripts\groovy;C:\Users\AzureAdmin\Downloads\Katalon_Studio_Windows_64-8.2.5\Katalon_Studio_Windows_64-8.2.5\plugins\com.kms.katalon.core_1.0.0.202201190711.jar;C:\Users\AzureAdmin\Downloads\Katalon_Studio_Windows_64-8.2.5\Katalon_Studio_Windows_64-8.2.5\configuration\resources\lib\aalto-xml-1.0.0.jar;C:\Users\AzureAdmin\Downloads\Katalon_Studio_Windows_64-8.2.5\Katalon_Studio_Windows_64-8.2.5\configuration\resources\lib\aspectjweaver-1.9.1.jar;C:\Users\AzureAdmin\Downloads\Katalon_Studio_Windows_64-8.2.5\Katalon_Studio_Windows_64-8.2.5\configuration\resources\lib\bcpkix-jdk15on-1.64.jar;C:\Users\AzureAdmin\Downloads\Katalon_Studio_Windows_64-8.2.5\Katalon_Studio_Windows_64-8.2.5\configuration\resources\lib\bcprov-jdk15on-1.64.jar;C:\Users\AzureAdmin\Downloads\Katalon_Studio_Windows_64-8.2.5\Katalon_Studio_Windows_64-8.2.5\configuration\resources\lib\browsermob-core-2.1.5.jar;C:\Users\AzureAdmin\Downloads\Katalon_Studio_Windows_64-8.2.5\Katalon_Studio_Windows_64-8.2.5\configuration\resources\lib\cglib-3.2.10.jar;C:\Users\AzureAdmin\Downloads\Katalon_Studio_Windows_64-8.2.5\Katalon_Studio_Windows_64-8.2.5\configuration\resources\lib\commons-codec-1.10.jar;C:\Users\AzureAdmin\Downloads\Katalon_Studio_Windows_64-8.2.5\Katalon_Studio_Windows_64-8.2.5\configuration\resources\lib\commons-collections4-4.1.jar;C:\Users\AzureAdmin\Downloads\Katalon_Studio_Windows_64-8.2.5\Katalon_Studio_Windows_64-8.2.5\configuration\resources\lib\commons-validator-1.6.jar;C:\Users\AzureAdmin\Downloads\Katalon_Studio_Windows_64-8.2.5\Katalon_Studio_Windows_64-8.2.5\configuration\resources\lib\curvesapi-1.04.jar;C:\Use
java_class_path (initial): D:\QAAutomation_CompletedTCs\bin\keyword;D:\QAAutomation_CompletedTCs\bin\listener;D:\QAAutomation_CompletedTCs\bin\lib;D:\QAAutomation_CompletedTCs\bin\groovy;D:\QAAutomation_CompletedTCs\bin;C:\Users\AzureAdmin\Downloads\Katalon_Studio_Windows_64-8.2.5\Katalon_Studio_Windows_64-8.2.5\plugins\com.kms.katalon.core_1.0.0.202201190711.jar;C:\Users\AzureAdmin\Downloads\Katalon_Studio_Windows_64-8.2.5\Katalon_Studio_Windows_64-8.2.5\configuration\resources\lib\aalto-xml-1.0.0.jar;C:\Users\AzureAdmin\Downloads\Katalon_Studio_Windows_64-8.2.5\Katalon_Studio_Windows_64-8.2.5\configuration\resources\lib\aspectjweaver-1.9.1.jar;C:\Users\AzureAdmin\Downloads\Katalon_Studio_Windows_64-8.2.5\Katalon_Studio_Windows_64-8.2.5\configuration\resources\lib\bcpkix-jdk15on-1.64.jar;C:\Users\AzureAdmin\Downloads\Katalon_Studio_Windows_64-8.2.5\Katalon_Studio_Windows_64-8.2.5\configuration\resources\lib\bcprov-jdk15on-1.64.jar;C:\Users\AzureAdmin\Downloads\Katalon_Studio_Windows_64-8.2.5\Katalon_Studio_Windows_64-8.2.5\configuration\resources\lib\browsermob-core-2.1.5.jar;C:\Users\AzureAdmin\Downloads\Katalon_Studio_Windows_64-8.2.5\Katalon_Studio_Windows_64-8.2.5\configuration\resources\lib\cglib-3.2.10.jar;C:\Users\AzureAdmin\Downloads\Katalon_Studio_Windows_64-8.2.5\Katalon_Studio_Windows_64-8.2.5\configuration\resources\lib\commons-codec-1.10.jar;C:\Users\AzureAdmin\Downloads\Katalon_Studio_Windows_64-8.2.5\Katalon_Studio_Windows_64-8.2.5\configuration\resources\lib\commons-collections4-4.1.jar;C:\Users\AzureAdmin\Downloads\Katalon_Studio_Windows_64-8.2.5\Katalon_Studio_Windows_64-8.2.5\configuration\resources\lib\commons-validator-1.6.jar;C:\Users\AzureAdmin\Downloads\Katalon_Studio_Windows_64-8.2.5\Katalon_Studio_Windows_64-8.2.5\configuration\resources\lib\curvesapi-1.04.jar;C:\Users\AzureAdmin\Downloads\Katalon_Studio_Windows_64-8.2.5\Katalon_Studio_Windows_64-8.2.5\configuration\resources\lib\dnsjava-2.1.8.jar;C:\Users\AzureAdmin\Downloads\Katalon_St
Launcher Type: SUN_STANDARD

Environment Variables:
PATH=C:/Users/AzureAdmin/Downloads/Katalon_Studio_Windows_64-8.2.5/Katalon_Studio_Windows_64-8.2.5/jre/bin/server;C:/Users/AzureAdmin/Downloads/Katalon_Studio_Windows_64-8.2.5/Katalon_Studio_Windows_64-8.2.5/jre/bin;C:/Users/AzureAdmin/Downloads/Katalon_Studio_Windows_64-8.2.5/Katalon_Studio_Windows_64-8.2.5/jre/lib/amd64;C:\Windows\system32;C:\Windows;C:\Windows\System32\Wbem;C:\Windows\System32\WindowsPowerShell\v1.0\;C:\Windows\System32\OpenSSH\;C:\Program Files\Git\cmd;C:\Users\AzureAdmin\AppData\Local\Microsoft\WindowsApps;;C:\Users\AzureAdmin\Downloads\Katalon_Studio_Windows_64-8.2.5\Katalon_Studio_Windows_64-8.2.5;
USERNAME=AzureAdmin
OS=Windows_NT
PROCESSOR_IDENTIFIER=Intel64 Family 6 Model 85 Stepping 4, GenuineIntel



---------------  S Y S T E M  ---------------

OS: Windows 10.0 , 64 bit Build 19041 (10.0.19041.1566)
HyperV virtualization detected

CPU:total 4 (initial active 4) (4 cores per cpu, 1 threads per core) family 6 model 85 stepping 4, cmov, cx8, fxsr, mmx, sse, sse2, sse3, ssse3, sse4.1, sse4.2, popcnt, avx, avx2, aes, clmul, erms, rtm, 3dnowpref, lzcnt, tsc, bmi1, bmi2, adx

Memory: 4k page, physical 16776756k(6831652k free), swap 20970800k(3392k free)

vm_info: OpenJDK 64-Bit Server VM (25.282-b08) for windows-amd64 JRE (Zulu 8.52.0.23-CA-win64) (1.8.0_282-b08), built on Jan 12 2021 07:45:49 by "tester" with MS VC++ 10.0 (VS2010)

time: Tue Mar 29 13:04:01 2022
timezone: Eastern Daylight Time
elapsed time: 228.756493 seconds (0d 0h 3m 48s)

