#
# There is insufficient memory for the Java Runtime Environment to continue.
# Native memory allocation (malloc) failed to allocate 364496 bytes for Chunk::new
# Possible reasons:
#   The system is out of physical RAM or swap space
#   The process is running with CompressedOops enabled, and the Java Heap may be blocking the growth of the native heap
# Possible solutions:
#   Reduce memory load on the system
#   Increase physical memory or swap space
#   Check if swap backing store is full
#   Decrease Java heap size (-Xmx/-Xms)
#   Decrease number of Java threads
#   Decrease Java thread stack sizes (-Xss)
#   Set larger code cache with -XX:ReservedCodeCacheSize=
#   JVM is running with Unscaled Compressed Oops mode in which the Java heap is
#     placed in the first 4GB address space. The Java Heap base address is the
#     maximum limit for the native heap growth. Please use -XX:HeapBaseMinAddress
#     to set the Java Heap base and to place the Java Heap above 4GB virtual address.
# This output file may be truncated or incomplete.
#
#  Out of Memory Error (allocation.cpp:389), pid=30212, tid=0x0000000000009d64
#
# JRE version: OpenJDK Runtime Environment (Zulu 8.52.0.23-CA-win64) (8.0_282-b08) (build 1.8.0_282-b08)
# Java VM: OpenJDK 64-Bit Server VM (25.282-b08 mixed mode windows-amd64 compressed oops)
# Failed to write core dump. Minidumps are not enabled by default on client versions of Windows
#

---------------  T H R E A D  ---------------

Current thread (0x0000000018c15800):  JavaThread "C2 CompilerThread1" daemon [_thread_in_native, id=40292, stack(0x00000000197d0000,0x00000000198d0000)]

Stack: [0x00000000197d0000,0x00000000198d0000]
[error occurred during error reporting (printing stack bounds), id 0xc0000005]

Native frames: (J=compiled Java code, j=interpreted, Vv=VM code, C=native code)


Current CompileTask:
C2:   6892 3256   !   4       java.net.URLClassLoader$1::run (63 bytes)


---------------  P R O C E S S  ---------------

Java Threads: ( => current thread )
  0x000000001c3bc800 JavaThread "Okio Watchdog" daemon [_thread_blocked, id=40144, stack(0x000000001fb00000,0x000000001fc00000)]
  0x000000001c6b0800 JavaThread "OkHttp ConnectionPool" daemon [_thread_blocked, id=27176, stack(0x000000001fa00000,0x000000001fb00000)]
  0x000000001d1bc800 JavaThread "Keep-Alive-Timer" daemon [_thread_blocked, id=37260, stack(0x000000001f700000,0x000000001f800000)]
  0x000000001c3ab800 JavaThread "Exec Stream Pumper" daemon [_thread_in_native, id=17208, stack(0x000000001f600000,0x000000001f700000)]
  0x000000001c3aa800 JavaThread "Exec Stream Pumper" daemon [_thread_in_native, id=28424, stack(0x000000001f500000,0x000000001f600000)]
  0x000000001aa5b000 JavaThread "UrlChecker-2" daemon [_thread_blocked, id=11912, stack(0x000000001db80000,0x000000001dc80000)]
  0x000000001caef800 JavaThread "Exec Default Executor" daemon [_thread_in_native, id=26360, stack(0x000000001da80000,0x000000001db80000)]
  0x0000000018c2a000 JavaThread "Service Thread" daemon [_thread_blocked, id=39576, stack(0x00000000199d0000,0x0000000019ad0000)]
  0x0000000018c18000 JavaThread "C1 CompilerThread2" daemon [_thread_blocked, id=38932, stack(0x00000000198d0000,0x00000000199d0000)]
=>0x0000000018c15800 JavaThread "C2 CompilerThread1" daemon [_thread_in_native, id=40292, stack(0x00000000197d0000,0x00000000198d0000)]
  0x0000000018c12800 JavaThread "C2 CompilerThread0" daemon [_thread_in_native, id=39160, stack(0x00000000196d0000,0x00000000197d0000)]
  0x0000000018c0d800 JavaThread "Attach Listener" daemon [_thread_blocked, id=38880, stack(0x00000000195d0000,0x00000000196d0000)]
  0x0000000018c0b000 JavaThread "Signal Dispatcher" daemon [_thread_blocked, id=35028, stack(0x00000000194d0000,0x00000000195d0000)]
  0x000000001745c800 JavaThread "Finalizer" daemon [_thread_blocked, id=41712, stack(0x00000000186d0000,0x00000000187d0000)]
  0x0000000017454800 JavaThread "Reference Handler" daemon [_thread_blocked, id=40200, stack(0x00000000185d0000,0x00000000186d0000)]
  0x0000000002727800 JavaThread "Forwarding get on session 542f83c561c11bb64870e84a7c9ddf28 to remote" [_thread_in_native, id=29928, stack(0x0000000002610000,0x0000000002710000)]

Other Threads:
  0x000000001742a000 VMThread [stack: 0x00000000184d0000,0x00000000185d0000] [id=13432]
  0x0000000018d34000 WatcherThread [stack: 0x0000000019ad0000,0x0000000019bd0000] [id=34836]

VM state:not at safepoint (normal execution)

VM Mutex/Monitor currently owned by a thread: None

heap address: 0x0000000080000000, size: 2048 MB, Compressed Oops mode: 32-bit
Narrow klass base: 0x0000000000000000, Narrow klass shift: 3
Compressed class space size: 1073741824 Address: 0x0000000100000000

Heap:
 PSYoungGen      total 133632K, used 93409K [0x00000000d5580000, 0x00000000e0000000, 0x0000000100000000)
  eden space 120320K, 74% used [0x00000000d5580000,0x00000000dace8960,0x00000000dcb00000)
  from space 13312K, 29% used [0x00000000dcb00000,0x00000000dcecfaa8,0x00000000dd800000)
  to   space 13312K, 0% used [0x00000000df300000,0x00000000df300000,0x00000000e0000000)
 ParOldGen       total 107520K, used 11406K [0x0000000080000000, 0x0000000086900000, 0x00000000d5580000)
  object space 107520K, 10% used [0x0000000080000000,0x0000000080b239c0,0x0000000086900000)
 Metaspace       used 29051K, capacity 30060K, committed 30080K, reserved 1075200K
  class space    used 3404K, capacity 3710K, committed 3712K, reserved 1048576K

Card table byte_map: [0x0000000011bd0000,0x0000000011fe0000] byte_map_base: 0x00000000117d0000

Marking Bits: (ParMarkBitMap*) 0x000000006d451f00
 Begin Bits: [0x0000000012690000, 0x0000000014690000)
 End Bits:   [0x0000000014690000, 0x0000000016690000)

Polling page: 0x0000000000d10000

CodeCache: size=245760Kb used=12780Kb max_used=12789Kb free=232980Kb
 bounds [0x0000000002810000, 0x00000000034a0000, 0x0000000011810000]
 total_blobs=3912 nmethods=3222 adapters=599
 compilation: enabled

Compilation events (10 events):
Event: 6.730 Thread 0x0000000018c18000 3259       1       java.beans.GenericBeanInfo::getMethodDescriptors (5 bytes)
Event: 6.730 Thread 0x0000000018c18000 nmethod 3259 0x000000000348b390 code [0x000000000348b4e0, 0x000000000348b5f0]
Event: 6.730 Thread 0x0000000018c18000 3260       1       java.beans.GenericBeanInfo::getDefaultEventIndex (5 bytes)
Event: 6.731 Thread 0x0000000018c18000 nmethod 3260 0x000000000348b0d0 code [0x000000000348b220, 0x000000000348b330]
Event: 6.731 Thread 0x0000000018c18000 3261       1       java.beans.GenericBeanInfo::getDefaultPropertyIndex (5 bytes)
Event: 6.731 Thread 0x0000000018c18000 nmethod 3261 0x000000000348ae10 code [0x000000000348af60, 0x000000000348b070]
Event: 6.731 Thread 0x0000000018c18000 3262       3       org.codehaus.groovy.reflection.ClassInfo::getVersion (8 bytes)
Event: 6.732 Thread 0x0000000018c18000 nmethod 3262 0x000000000348a990 code [0x000000000348aae0, 0x000000000348acd0]
Event: 6.881 Thread 0x0000000018c18000 3263       3       java.util.AbstractMap$SimpleImmutableEntry::<init> (15 bytes)
Event: 6.881 Thread 0x0000000018c18000 nmethod 3263 0x0000000003494610 code [0x0000000003494760, 0x0000000003494930]

GC Heap History (10 events):
Event: 2.896 GC heap before
{Heap before GC invocations=4 (full 0):
 PSYoungGen      total 76288K, used 74333K [0x00000000d5580000, 0x00000000daa80000, 0x0000000100000000)
  eden space 65536K, 100% used [0x00000000d5580000,0x00000000d9580000,0x00000000d9580000)
  from space 10752K, 81% used [0x00000000d9580000,0x00000000d9e175c8,0x00000000da000000)
  to   space 10752K, 0% used [0x00000000da000000,0x00000000da000000,0x00000000daa80000)
 ParOldGen       total 175104K, used 88K [0x0000000080000000, 0x000000008ab00000, 0x00000000d5580000)
  object space 175104K, 0% used [0x0000000080000000,0x0000000080016010,0x000000008ab00000)
 Metaspace       used 20063K, capacity 20286K, committed 20608K, reserved 1067008K
  class space    used 2206K, capacity 2314K, committed 2432K, reserved 1048576K
Event: 2.905 GC heap after
Heap after GC invocations=4 (full 0):
 PSYoungGen      total 76288K, used 9910K [0x00000000d5580000, 0x00000000dea80000, 0x0000000100000000)
  eden space 65536K, 0% used [0x00000000d5580000,0x00000000d5580000,0x00000000d9580000)
  from space 10752K, 92% used [0x00000000da000000,0x00000000da9ad808,0x00000000daa80000)
  to   space 10752K, 0% used [0x00000000d9580000,0x00000000d9580000,0x00000000da000000)
 ParOldGen       total 175104K, used 96K [0x0000000080000000, 0x000000008ab00000, 0x00000000d5580000)
  object space 175104K, 0% used [0x0000000080000000,0x0000000080018010,0x000000008ab00000)
 Metaspace       used 20063K, capacity 20286K, committed 20608K, reserved 1067008K
  class space    used 2206K, capacity 2314K, committed 2432K, reserved 1048576K
}
Event: 3.127 GC heap before
{Heap before GC invocations=5 (full 0):
 PSYoungGen      total 76288K, used 29506K [0x00000000d5580000, 0x00000000dea80000, 0x0000000100000000)
  eden space 65536K, 29% used [0x00000000d5580000,0x00000000d68a30d0,0x00000000d9580000)
  from space 10752K, 92% used [0x00000000da000000,0x00000000da9ad808,0x00000000daa80000)
  to   space 10752K, 0% used [0x00000000d9580000,0x00000000d9580000,0x00000000da000000)
 ParOldGen       total 175104K, used 96K [0x0000000080000000, 0x000000008ab00000, 0x00000000d5580000)
  object space 175104K, 0% used [0x0000000080000000,0x0000000080018010,0x000000008ab00000)
 Metaspace       used 20796K, capacity 21044K, committed 21296K, reserved 1069056K
  class space    used 2283K, capacity 2391K, committed 2432K, reserved 1048576K
Event: 3.138 GC heap after
Heap after GC invocations=5 (full 0):
 PSYoungGen      total 76288K, used 10723K [0x00000000d5580000, 0x00000000dee80000, 0x0000000100000000)
  eden space 65536K, 0% used [0x00000000d5580000,0x00000000d5580000,0x00000000d9580000)
  from space 10752K, 99% used [0x00000000d9580000,0x00000000d9ff8e70,0x00000000da000000)
  to   space 12800K, 0% used [0x00000000de200000,0x00000000de200000,0x00000000dee80000)
 ParOldGen       total 175104K, used 764K [0x0000000080000000, 0x000000008ab00000, 0x00000000d5580000)
  object space 175104K, 0% used [0x0000000080000000,0x00000000800bf118,0x000000008ab00000)
 Metaspace       used 20796K, capacity 21044K, committed 21296K, reserved 1069056K
  class space    used 2283K, capacity 2391K, committed 2432K, reserved 1048576K
}
Event: 3.139 GC heap before
{Heap before GC invocations=6 (full 1):
 PSYoungGen      total 76288K, used 10723K [0x00000000d5580000, 0x00000000dee80000, 0x0000000100000000)
  eden space 65536K, 0% used [0x00000000d5580000,0x00000000d5580000,0x00000000d9580000)
  from space 10752K, 99% used [0x00000000d9580000,0x00000000d9ff8e70,0x00000000da000000)
  to   space 12800K, 0% used [0x00000000de200000,0x00000000de200000,0x00000000dee80000)
 ParOldGen       total 175104K, used 764K [0x0000000080000000, 0x000000008ab00000, 0x00000000d5580000)
  object space 175104K, 0% used [0x0000000080000000,0x00000000800bf118,0x000000008ab00000)
 Metaspace       used 20796K, capacity 21044K, committed 21296K, reserved 1069056K
  class space    used 2283K, capacity 2391K, committed 2432K, reserved 1048576K
Event: 3.191 GC heap after
Heap after GC invocations=6 (full 1):
 PSYoungGen      total 76288K, used 0K [0x00000000d5580000, 0x00000000dee80000, 0x0000000100000000)
  eden space 65536K, 0% used [0x00000000d5580000,0x00000000d5580000,0x00000000d9580000)
  from space 10752K, 0% used [0x00000000d9580000,0x00000000d9580000,0x00000000da000000)
  to   space 12800K, 0% used [0x00000000de200000,0x00000000de200000,0x00000000dee80000)
 ParOldGen       total 107520K, used 11398K [0x0000000080000000, 0x0000000086900000, 0x00000000d5580000)
  object space 107520K, 10% used [0x0000000080000000,0x0000000080b219c0,0x0000000086900000)
 Metaspace       used 20796K, capacity 21044K, committed 21296K, reserved 1069056K
  class space    used 2283K, capacity 2391K, committed 2432K, reserved 1048576K
}
Event: 3.605 GC heap before
{Heap before GC invocations=7 (full 1):
 PSYoungGen      total 76288K, used 65536K [0x00000000d5580000, 0x00000000dee80000, 0x0000000100000000)
  eden space 65536K, 100% used [0x00000000d5580000,0x00000000d9580000,0x00000000d9580000)
  from space 10752K, 0% used [0x00000000d9580000,0x00000000d9580000,0x00000000da000000)
  to   space 12800K, 0% used [0x00000000de200000,0x00000000de200000,0x00000000dee80000)
 ParOldGen       total 107520K, used 11398K [0x0000000080000000, 0x0000000086900000, 0x00000000d5580000)
  object space 107520K, 10% used [0x0000000080000000,0x0000000080b219c0,0x0000000086900000)
 Metaspace       used 22196K, capacity 22568K, committed 22704K, reserved 1069056K
  class space    used 2450K, capacity 2556K, committed 2560K, reserved 1048576K
Event: 3.608 GC heap after
Heap after GC invocations=7 (full 1):
 PSYoungGen      total 102400K, used 2636K [0x00000000d5580000, 0x00000000de500000, 0x0000000100000000)
  eden space 99328K, 0% used [0x00000000d5580000,0x00000000d5580000,0x00000000db680000)
  from space 3072K, 85% used [0x00000000de200000,0x00000000de493238,0x00000000de500000)
  to   space 13312K, 0% used [0x00000000dcb00000,0x00000000dcb00000,0x00000000dd800000)
 ParOldGen       total 107520K, used 11406K [0x0000000080000000, 0x0000000086900000, 0x00000000d5580000)
  object space 107520K, 10% used [0x0000000080000000,0x0000000080b239c0,0x0000000086900000)
 Metaspace       used 22196K, capacity 22568K, committed 22704K, reserved 1069056K
  class space    used 2450K, capacity 2556K, committed 2560K, reserved 1048576K
}
Event: 4.307 GC heap before
{Heap before GC invocations=8 (full 1):
 PSYoungGen      total 102400K, used 101964K [0x00000000d5580000, 0x00000000de500000, 0x0000000100000000)
  eden space 99328K, 100% used [0x00000000d5580000,0x00000000db680000,0x00000000db680000)
  from space 3072K, 85% used [0x00000000de200000,0x00000000de493238,0x00000000de500000)
  to   space 13312K, 0% used [0x00000000dcb00000,0x00000000dcb00000,0x00000000dd800000)
 ParOldGen       total 107520K, used 11406K [0x0000000080000000, 0x0000000086900000, 0x00000000d5580000)
  object space 107520K, 10% used [0x0000000080000000,0x0000000080b239c0,0x0000000086900000)
 Metaspace       used 22780K, capacity 23248K, committed 23424K, reserved 1071104K
  class space    used 2502K, capacity 2674K, committed 2688K, reserved 1048576K
Event: 4.315 GC heap after
Heap after GC invocations=8 (full 1):
 PSYoungGen      total 133632K, used 3902K [0x00000000d5580000, 0x00000000e0000000, 0x0000000100000000)
  eden space 120320K, 0% used [0x00000000d5580000,0x00000000d5580000,0x00000000dcb00000)
  from space 13312K, 29% used [0x00000000dcb00000,0x00000000dcecfaa8,0x00000000dd800000)
  to   space 13312K, 0% used [0x00000000df300000,0x00000000df300000,0x00000000e0000000)
 ParOldGen       total 107520K, used 11406K [0x0000000080000000, 0x0000000086900000, 0x00000000d5580000)
  object space 107520K, 10% used [0x0000000080000000,0x0000000080b239c0,0x0000000086900000)
 Metaspace       used 22780K, capacity 23248K, committed 23424K, reserved 1071104K
  class space    used 2502K, capacity 2674K, committed 2688K, reserved 1048576K
}

Deoptimization events (10 events):
Event: 5.679 Thread 0x0000000002727800 Uncommon trap: reason=unstable_if action=reinterpret pc=0x0000000003395058 method=java.util.regex.Pattern$BmpCharProperty.match(Ljava/util/regex/Matcher;ILjava/lang/CharSequence;)Z @ 34
Event: 5.694 Thread 0x0000000002727800 Uncommon trap: reason=unstable_if action=reinterpret pc=0x0000000003386e10 method=java.lang.String.regionMatches(ZILjava/lang/String;II)Z @ 123
Event: 6.544 Thread 0x0000000002727800 Uncommon trap: reason=class_check action=maybe_recompile pc=0x00000000033dd4f4 method=org.openqa.selenium.json.Input.init()V @ 18
Event: 6.544 Thread 0x0000000002727800 Uncommon trap: reason=class_check action=maybe_recompile pc=0x00000000033dd4f4 method=org.openqa.selenium.json.Input.init()V @ 18
Event: 6.544 Thread 0x0000000002727800 Uncommon trap: reason=class_check action=maybe_recompile pc=0x00000000033dd4f4 method=org.openqa.selenium.json.Input.init()V @ 18
Event: 6.544 Thread 0x0000000002727800 Uncommon trap: reason=class_check action=maybe_recompile pc=0x00000000033dd4f4 method=org.openqa.selenium.json.Input.init()V @ 18
Event: 6.554 Thread 0x0000000002727800 Uncommon trap: reason=unstable_if action=reinterpret pc=0x000000000322db84 method=java.util.concurrent.ConcurrentHashMap.putVal(Ljava/lang/Object;Ljava/lang/Object;Z)Ljava/lang/Object; @ 181
Event: 6.590 Thread 0x0000000002727800 Uncommon trap: reason=bimorphic action=maybe_recompile pc=0x0000000002d4f19c method=java.util.HashMap.putVal(ILjava/lang/Object;Ljava/lang/Object;ZZ)Ljava/lang/Object; @ 203
Event: 6.590 Thread 0x0000000002727800 Uncommon trap: reason=bimorphic action=maybe_recompile pc=0x0000000002d4f19c method=java.util.HashMap.putVal(ILjava/lang/Object;Ljava/lang/Object;ZZ)Ljava/lang/Object; @ 203
Event: 6.703 Thread 0x0000000002727800 Uncommon trap: reason=bimorphic action=maybe_recompile pc=0x0000000002f71378 method=org.codehaus.groovy.runtime.metaclass.MetaMethodIndex.addMethodToList(Ljava/lang/Object;Lgroovy/lang/MetaMethod;)Ljava/lang/Object; @ 247

Classes redefined (0 events):
No events

Internal exceptions (10 events):
Event: 6.641 Thread 0x0000000002727800 Exception <a 'java/net/SocketTimeoutException': Read timed out> (0x00000000da5023d8) thrown at [C:\jenkins\workspace\zulu8-silver-build-win64\zulu-src\hotspot\src\share\vm\prims\jni.cpp, line 738]
Event: 6.673 Thread 0x0000000002727800 Exception <a 'java/net/SocketTimeoutException': Read timed out> (0x00000000da5b1c58) thrown at [C:\jenkins\workspace\zulu8-silver-build-win64\zulu-src\hotspot\src\share\vm\prims\jni.cpp, line 738]
Event: 6.683 Thread 0x0000000002727800 Exception <a 'java/lang/ClassNotFoundException': org/openqa/selenium/support/events/EventFiringWebDriver$EventFiringNavigationBeanInfo> (0x00000000da71d908) thrown at [C:\jenkins\workspace\zulu8-silver-build-win64\zulu-src\hotspot\src\share\vm\classfile\s
Event: 6.687 Thread 0x0000000002727800 Exception <a 'java/lang/ClassNotFoundException': org/openqa/selenium/support/events/EventFiringWebDriver$EventFiringNavigationCustomizer> (0x00000000da81a328) thrown at [C:\jenkins\workspace\zulu8-silver-build-win64\zulu-src\hotspot\src\share\vm\classfile
Event: 6.696 Thread 0x0000000002727800 Exception <a 'java/lang/ClassNotFoundException': configs/TimeoutBeanInfo> (0x00000000da8cad38) thrown at [C:\jenkins\workspace\zulu8-silver-build-win64\zulu-src\hotspot\src\share\vm\classfile\systemDictionary.cpp, line 220]
Event: 6.700 Thread 0x0000000002727800 Exception <a 'java/lang/ClassNotFoundException': configs/TimeoutCustomizer> (0x00000000da940a18) thrown at [C:\jenkins\workspace\zulu8-silver-build-win64\zulu-src\hotspot\src\share\vm\classfile\systemDictionary.cpp, line 220]
Event: 6.706 Thread 0x0000000002727800 Exception <a 'java/lang/ClassNotFoundException': java/util/concurrent/TimeUnitBeanInfo> (0x00000000da9f94c0) thrown at [C:\jenkins\workspace\zulu8-silver-build-win64\zulu-src\hotspot\src\share\vm\classfile\systemDictionary.cpp, line 220]
Event: 6.717 Thread 0x0000000002727800 Exception <a 'java/lang/ClassNotFoundException': java/util/concurrent/TimeUnitCustomizer> (0x00000000daa71ca0) thrown at [C:\jenkins\workspace\zulu8-silver-build-win64\zulu-src\hotspot\src\share\vm\classfile\systemDictionary.cpp, line 220]
Event: 6.727 Thread 0x0000000002727800 Exception <a 'java/lang/ClassNotFoundException': com/google/common/util/concurrent/UninterruptiblesBeanInfo> (0x00000000daba2070) thrown at [C:\jenkins\workspace\zulu8-silver-build-win64\zulu-src\hotspot\src\share\vm\classfile\systemDictionary.cpp, line 2
Event: 6.730 Thread 0x0000000002727800 Exception <a 'java/lang/ClassNotFoundException': com/google/common/util/concurrent/UninterruptiblesCustomizer> (0x00000000dac65f98) thrown at [C:\jenkins\workspace\zulu8-silver-build-win64\zulu-src\hotspot\src\share\vm\classfile\systemDictionary.cpp, line

Events (10 events):
Event: 6.724 loading class com/google/common/util/concurrent/UninterruptiblesBeanInfo
Event: 6.724 loading class com/google/common/util/concurrent/UninterruptiblesBeanInfo done
Event: 6.727 loading class com/google/common/util/concurrent/UninterruptiblesBeanInfo
Event: 6.727 loading class com/google/common/util/concurrent/UninterruptiblesBeanInfo done
Event: 6.727 loading class com/google/common/util/concurrent/UninterruptiblesCustomizer
Event: 6.727 loading class com/google/common/util/concurrent/UninterruptiblesCustomizer done
Event: 6.728 loading class com/google/common/util/concurrent/UninterruptiblesCustomizer
Event: 6.728 loading class com/google/common/util/concurrent/UninterruptiblesCustomizer done
Event: 6.730 loading class com/google/common/util/concurrent/UninterruptiblesCustomizer
Event: 6.730 loading class com/google/common/util/concurrent/UninterruptiblesCustomizer done


Dynamic libraries:
0x00007ff79e4e0000 - 0x00007ff79e515000 	C:\Users\AzureAdmin\Downloads\Katalon_Studio_Windows_64-8.2.5\Katalon_Studio_Windows_64-8.2.5\jre\bin\javaw.exe
0x00007ffd8c570000 - 0x00007ffd8c765000 	C:\Windows\SYSTEM32\ntdll.dll
0x00007ffd8b4b0000 - 0x00007ffd8b56d000 	C:\Windows\System32\KERNEL32.DLL
0x00007ffd89fe0000 - 0x00007ffd8a2ad000 	C:\Windows\System32\KERNELBASE.dll
0x00007ffd8a750000 - 0x00007ffd8a7fe000 	C:\Windows\System32\ADVAPI32.dll
0x00007ffd8c1c0000 - 0x00007ffd8c25e000 	C:\Windows\System32\msvcrt.dll
0x00007ffd8c490000 - 0x00007ffd8c52c000 	C:\Windows\System32\sechost.dll
0x00007ffd8bea0000 - 0x00007ffd8bfc5000 	C:\Windows\System32\RPCRT4.dll
0x00007ffd8bff0000 - 0x00007ffd8c190000 	C:\Windows\System32\USER32.dll
0x00007ffd89f10000 - 0x00007ffd89f32000 	C:\Windows\System32\win32u.dll
0x00007ffd8b670000 - 0x00007ffd8b69a000 	C:\Windows\System32\GDI32.dll
0x00007ffd89d00000 - 0x00007ffd89e0b000 	C:\Windows\System32\gdi32full.dll
0x00007ffd89f40000 - 0x00007ffd89fdd000 	C:\Windows\System32\msvcp_win.dll
0x00007ffd89e10000 - 0x00007ffd89f10000 	C:\Windows\System32\ucrtbase.dll
0x00007ffd7cd80000 - 0x00007ffd7d01a000 	C:\Windows\WinSxS\amd64_microsoft.windows.common-controls_6595b64144ccf1df_6.0.19041.1110_none_60b5254171f9507e\COMCTL32.dll
0x00007ffd8c190000 - 0x00007ffd8c1c0000 	C:\Windows\System32\IMM32.DLL
0x000000006ca50000 - 0x000000006cb22000 	C:\Users\AzureAdmin\Downloads\Katalon_Studio_Windows_64-8.2.5\Katalon_Studio_Windows_64-8.2.5\jre\bin\msvcr100.dll
0x000000006cc10000 - 0x000000006d4d5000 	C:\Users\AzureAdmin\Downloads\Katalon_Studio_Windows_64-8.2.5\Katalon_Studio_Windows_64-8.2.5\jre\bin\server\jvm.dll
0x00007ffd8b710000 - 0x00007ffd8b718000 	C:\Windows\System32\PSAPI.DLL
0x00007ffd84520000 - 0x00007ffd84529000 	C:\Windows\SYSTEM32\WSOCK32.dll
0x00007ffd70ee0000 - 0x00007ffd70f07000 	C:\Windows\SYSTEM32\WINMM.dll
0x00007ffd8b6a0000 - 0x00007ffd8b70b000 	C:\Windows\System32\WS2_32.dll
0x00007ffd82650000 - 0x00007ffd8265a000 	C:\Windows\SYSTEM32\VERSION.dll
0x00007ffd83b50000 - 0x00007ffd83b5f000 	C:\Users\AzureAdmin\Downloads\Katalon_Studio_Windows_64-8.2.5\Katalon_Studio_Windows_64-8.2.5\jre\bin\verify.dll
0x00007ffd7cb20000 - 0x00007ffd7cb49000 	C:\Users\AzureAdmin\Downloads\Katalon_Studio_Windows_64-8.2.5\Katalon_Studio_Windows_64-8.2.5\jre\bin\java.dll
0x00007ffd7cb00000 - 0x00007ffd7cb16000 	C:\Users\AzureAdmin\Downloads\Katalon_Studio_Windows_64-8.2.5\Katalon_Studio_Windows_64-8.2.5\jre\bin\zip.dll
0x00007ffd8a800000 - 0x00007ffd8af44000 	C:\Windows\System32\SHELL32.dll
0x00007ffd87c90000 - 0x00007ffd88424000 	C:\Windows\SYSTEM32\windows.storage.dll
0x00007ffd8af50000 - 0x00007ffd8b2a4000 	C:\Windows\System32\combase.dll
0x00007ffd89610000 - 0x00007ffd8963c000 	C:\Windows\SYSTEM32\Wldp.dll
0x00007ffd8b970000 - 0x00007ffd8ba1d000 	C:\Windows\System32\SHCORE.dll
0x00007ffd8b910000 - 0x00007ffd8b965000 	C:\Windows\System32\shlwapi.dll
0x00007ffd89bc0000 - 0x00007ffd89bdf000 	C:\Windows\SYSTEM32\profapi.dll
0x00007ffd7ab10000 - 0x00007ffd7ab2b000 	C:\Users\AzureAdmin\Downloads\Katalon_Studio_Windows_64-8.2.5\Katalon_Studio_Windows_64-8.2.5\jre\bin\net.dll
0x00007ffd89370000 - 0x00007ffd893da000 	C:\Windows\system32\mswsock.dll
0x00007ffd7a5f0000 - 0x00007ffd7a601000 	C:\Users\AzureAdmin\Downloads\Katalon_Studio_Windows_64-8.2.5\Katalon_Studio_Windows_64-8.2.5\jre\bin\nio.dll
0x00007ffd890a0000 - 0x00007ffd8916b000 	C:\Windows\SYSTEM32\DNSAPI.dll
0x00007ffd89060000 - 0x00007ffd8909b000 	C:\Windows\SYSTEM32\IPHLPAPI.DLL
0x00007ffd8b4a0000 - 0x00007ffd8b4a8000 	C:\Windows\System32\NSI.dll
0x00007ffd81da0000 - 0x00007ffd81daa000 	C:\Windows\System32\rasadhlp.dll
0x00007ffd82400000 - 0x00007ffd82480000 	C:\Windows\System32\fwpuclnt.dll
0x00007ffd89c80000 - 0x00007ffd89ca7000 	C:\Windows\System32\bcrypt.dll
0x00007ffd74c80000 - 0x00007ffd74ca4000 	C:\Users\AzureAdmin\Downloads\Katalon_Studio_Windows_64-8.2.5\Katalon_Studio_Windows_64-8.2.5\jre\bin\sunec.dll
0x00007ffd83280000 - 0x00007ffd8328c000 	C:\Users\AzureAdmin\Downloads\Katalon_Studio_Windows_64-8.2.5\Katalon_Studio_Windows_64-8.2.5\jre\bin\sunmscapi.dll
0x00007ffd8a320000 - 0x00007ffd8a476000 	C:\Windows\System32\CRYPT32.dll
0x00007ffd89680000 - 0x00007ffd896a7000 	C:\Windows\SYSTEM32\ncrypt.dll
0x00007ffd89640000 - 0x00007ffd8967b000 	C:\Windows\SYSTEM32\NTASN1.dll
0x00007ffd89560000 - 0x00007ffd89578000 	C:\Windows\SYSTEM32\CRYPTSP.dll
0x00007ffd88be0000 - 0x00007ffd88c14000 	C:\Windows\system32\rsaenh.dll
0x00007ffd89b80000 - 0x00007ffd89bae000 	C:\Windows\SYSTEM32\USERENV.dll
0x00007ffd8a530000 - 0x00007ffd8a5b2000 	C:\Windows\System32\bcryptprimitives.dll
0x00007ffd89580000 - 0x00007ffd8958c000 	C:\Windows\SYSTEM32\CRYPTBASE.dll
0x00007ffd83e10000 - 0x00007ffd83e27000 	C:\Windows\SYSTEM32\dhcpcsvc6.DLL
0x00007ffd83df0000 - 0x00007ffd83e0d000 	C:\Windows\SYSTEM32\dhcpcsvc.DLL

VM Arguments:
jvm_args: -Dgroovy.home=C:\Users\AzureAdmin/.groovy -Djava.system.class.loader=groovy.lang.GroovyClassLoader -Xmx2048m -Dfile.encoding=UTF-8 
java_command: org.codehaus.groovy.tools.GroovyStarter --classpath C:\Users\AzureAdmin\git\QAAutomation\bin\keyword;C:\Users\AzureAdmin\git\QAAutomation\Keywords;C:\Users\AzureAdmin\git\QAAutomation\bin\listener;C:\Users\AzureAdmin\git\QAAutomation\Test Listeners;C:\Users\AzureAdmin\git\QAAutomation\bin\lib;C:\Users\AzureAdmin\git\QAAutomation\Libs;C:\Users\AzureAdmin\git\QAAutomation\bin\groovy;C:\Users\AzureAdmin\git\QAAutomation\Include\scripts\groovy;C:\Users\AzureAdmin\Downloads\Katalon_Studio_Windows_64-8.2.5\Katalon_Studio_Windows_64-8.2.5\plugins\com.kms.katalon.core_1.0.0.202201190711.jar;C:\Users\AzureAdmin\Downloads\Katalon_Studio_Windows_64-8.2.5\Katalon_Studio_Windows_64-8.2.5\configuration\resources\lib\aalto-xml-1.0.0.jar;C:\Users\AzureAdmin\Downloads\Katalon_Studio_Windows_64-8.2.5\Katalon_Studio_Windows_64-8.2.5\configuration\resources\lib\aspectjweaver-1.9.1.jar;C:\Users\AzureAdmin\Downloads\Katalon_Studio_Windows_64-8.2.5\Katalon_Studio_Windows_64-8.2.5\configuration\resources\lib\bcpkix-jdk15on-1.64.jar;C:\Users\AzureAdmin\Downloads\Katalon_Studio_Windows_64-8.2.5\Katalon_Studio_Windows_64-8.2.5\configuration\resources\lib\bcprov-jdk15on-1.64.jar;C:\Users\AzureAdmin\Downloads\Katalon_Studio_Windows_64-8.2.5\Katalon_Studio_Windows_64-8.2.5\configuration\resources\lib\browsermob-core-2.1.5.jar;C:\Users\AzureAdmin\Downloads\Katalon_Studio_Windows_64-8.2.5\Katalon_Studio_Windows_64-8.2.5\configuration\resources\lib\cglib-3.2.10.jar;C:\Users\AzureAdmin\Downloads\Katalon_Studio_Windows_64-8.2.5\Katalon_Studio_Windows_64-8.2.5\configuration\resources\lib\commons-codec-1.10.jar;C:\Users\AzureAdmin\Downloads\Katalon_Studio_Windows_64-8.2.5\Katalon_Studio_Windows_64-8.2.5\configuration\resources\lib\commons-collections4-4.1.jar;C:\Users\AzureAdmin\Downloads\Katalon_Studio_Windows_64-8.2.5\Katalon_Studio_Windows_64-8.2.5\configuration\resources\lib\commons-validator-1.6.jar;C:\Users\AzureAdmin\Downloads\Katalon_Studio_Windows_64-8.2.5\Katalon_Studio_Window
java_class_path (initial): C:\Users\AzureAdmin\git\QAAutomation\bin\keyword;C:\Users\AzureAdmin\git\QAAutomation\bin\listener;C:\Users\AzureAdmin\git\QAAutomation\bin\lib;C:\Users\AzureAdmin\git\QAAutomation\bin\groovy;C:\Users\AzureAdmin\git\QAAutomation\bin;C:\Users\AzureAdmin\Downloads\Katalon_Studio_Windows_64-8.2.5\Katalon_Studio_Windows_64-8.2.5\plugins\com.kms.katalon.core_1.0.0.202201190711.jar;C:\Users\AzureAdmin\Downloads\Katalon_Studio_Windows_64-8.2.5\Katalon_Studio_Windows_64-8.2.5\configuration\resources\lib\aalto-xml-1.0.0.jar;C:\Users\AzureAdmin\Downloads\Katalon_Studio_Windows_64-8.2.5\Katalon_Studio_Windows_64-8.2.5\configuration\resources\lib\aspectjweaver-1.9.1.jar;C:\Users\AzureAdmin\Downloads\Katalon_Studio_Windows_64-8.2.5\Katalon_Studio_Windows_64-8.2.5\configuration\resources\lib\bcpkix-jdk15on-1.64.jar;C:\Users\AzureAdmin\Downloads\Katalon_Studio_Windows_64-8.2.5\Katalon_Studio_Windows_64-8.2.5\configuration\resources\lib\bcprov-jdk15on-1.64.jar;C:\Users\AzureAdmin\Downloads\Katalon_Studio_Windows_64-8.2.5\Katalon_Studio_Windows_64-8.2.5\configuration\resources\lib\browsermob-core-2.1.5.jar;C:\Users\AzureAdmin\Downloads\Katalon_Studio_Windows_64-8.2.5\Katalon_Studio_Windows_64-8.2.5\configuration\resources\lib\cglib-3.2.10.jar;C:\Users\AzureAdmin\Downloads\Katalon_Studio_Windows_64-8.2.5\Katalon_Studio_Windows_64-8.2.5\configuration\resources\lib\commons-codec-1.10.jar;C:\Users\AzureAdmin\Downloads\Katalon_Studio_Windows_64-8.2.5\Katalon_Studio_Windows_64-8.2.5\configuration\resources\lib\commons-collections4-4.1.jar;C:\Users\AzureAdmin\Downloads\Katalon_Studio_Windows_64-8.2.5\Katalon_Studio_Windows_64-8.2.5\configuration\resources\lib\commons-validator-1.6.jar;C:\Users\AzureAdmin\Downloads\Katalon_Studio_Windows_64-8.2.5\Katalon_Studio_Windows_64-8.2.5\configuration\resources\lib\curvesapi-1.04.jar;C:\Users\AzureAdmin\Downloads\Katalon_Studio_Windows_64-8.2.5\Katalon_Studio_Windows_64-8.2.5\configuration\resources\lib\dnsjava-2.1.8.jar;
Launcher Type: SUN_STANDARD

Environment Variables:
PATH=C:/Users/AzureAdmin/Downloads/Katalon_Studio_Windows_64-8.2.5/Katalon_Studio_Windows_64-8.2.5/jre/bin/server;C:/Users/AzureAdmin/Downloads/Katalon_Studio_Windows_64-8.2.5/Katalon_Studio_Windows_64-8.2.5/jre/bin;C:/Users/AzureAdmin/Downloads/Katalon_Studio_Windows_64-8.2.5/Katalon_Studio_Windows_64-8.2.5/jre/lib/amd64;C:\Windows\system32;C:\Windows;C:\Windows\System32\Wbem;C:\Windows\System32\WindowsPowerShell\v1.0\;C:\Windows\System32\OpenSSH\;C:\Program Files\Git\cmd;C:\Users\AzureAdmin\AppData\Local\Microsoft\WindowsApps;;C:\Users\AzureAdmin\Downloads\Katalon_Studio_Windows_64-8.2.5\Katalon_Studio_Windows_64-8.2.5;
USERNAME=AzureAdmin
OS=Windows_NT
PROCESSOR_IDENTIFIER=Intel64 Family 6 Model 85 Stepping 4, GenuineIntel



---------------  S Y S T E M  ---------------

OS: Windows 10.0 , 64 bit Build 19041 (10.0.19041.1706)
HyperV virtualization detected

CPU:total 4 (initial active 4) (4 cores per cpu, 1 threads per core) family 6 model 85 stepping 4, cmov, cx8, fxsr, mmx, sse, sse2, sse3, ssse3, sse4.1, sse4.2, popcnt, avx, avx2, aes, clmul, erms, rtm, 3dnowpref, lzcnt, tsc, bmi1, bmi2, adx

Memory: 4k page, physical 16776756k(5459132k free), swap 20970800k(5296k free)

vm_info: OpenJDK 64-Bit Server VM (25.282-b08) for windows-amd64 JRE (Zulu 8.52.0.23-CA-win64) (1.8.0_282-b08), built on Jan 12 2021 07:45:49 by "tester" with MS VC++ 10.0 (VS2010)

time: Wed May 25 13:39:56 2022
timezone: Eastern Daylight Time
elapsed time: 6.899963 seconds (0d 0h 0m 6s)

